<?xml version="1.0" encoding="UTF-8" ?>
<testsuite errors="0" failures="1" hostname="vinzor-virtual-machine" name="HelloWorldTest" skipped="0" tests="2" time="0.111" timestamp="2015-08-21T03:27:44">
  <properties>
[...]
</properties>
  <testcase classname="HelloWorldTest" name="testHello" time="0.002" />
  <testcase classname="HelloWorldTest" name="testHello2" time="0.01">
    <failure message="expected:&lt;Hello World[]&gt; but was:&lt;Hello World[!]&gt;" type="junit.framework.AssertionFailedError">junit.framework.AssertionFailedError: expected:&lt;Hello World[]&gt; but was:&lt;Hello World[!]&gt;
	at HelloWorldTest.testHello2(Unknown Source)
</failure>
  </testcase>
  <system-out><![CDATA[]]></system-out>
  <system-err><![CDATA[]]></system-err>
</testsuite>
